<?xml version="1.0" encoding="UTF-8"?>
<!-- Generated by org.testng.reporters.JUnitReportReporter -->
<testsuite hostname="DESKTOP-MEL0TQP" failures="0" tests="1" name="mjd3_1.DemoTest2" time="21.810" errors="0" timestamp="2024-08-03T16:55:43 IST" skipped="0">
  <testcase classname="mjd3_1.DemoTest2" name="demoTest1" time="21.810"/>
  <system-out/>
</testsuite> <!-- mjd3_1.DemoTest2 -->
