<?xml version="1.0" encoding="UTF-8"?>
<!-- Generated by org.testng.reporters.JUnitReportReporter -->
<testsuite hostname="DESKTOP-MEL0TQP" failures="0" tests="1" name="mjd3_1.DemoParametersTest" time="6.782" errors="0" timestamp="2024-08-06T15:43:33 IST" skipped="0">
  <testcase classname="mjd3_1.DemoParametersTest" name="demoParametersTest" time="6.782"/>
  <system-out/>
</testsuite> <!-- mjd3_1.DemoParametersTest -->
